<?xml version="1.0" encoding="utf-8"?><testsuites name="pytest tests"><testsuite name="pytest" errors="0" failures="0" skipped="0" tests="13" time="0.837" timestamp="2026-05-03T11:18:06.528467+00:00" hostname="agent-env-eac8be59-479b-4693-8433-5bbb090b0dc0"><testcase classname="backend.tests.test_giftxpert_api.TestHealth" name="test_root" time="0.157" /><testcase classname="backend.tests.test_giftxpert_api.TestCategories" name="test_list_categories_returns_9" time="0.045" /><testcase classname="backend.tests.test_giftxpert_api.TestCategories" name="test_get_category_by_slug" time="0.045" /><testcase classname="backend.tests.test_giftxpert_api.TestCategories" name="test_get_category_not_found" time="0.047" /><testcase classname="backend.tests.test_giftxpert_api.TestProducts" name="test_list_all_products" time="0.057" /><testcase classname="backend.tests.test_giftxpert_api.TestProducts" name="test_filter_by_category" time="0.047" /><testcase classname="backend.tests.test_giftxpert_api.TestProducts" name="test_filter_by_category_and_subcategory" time="0.046" /><testcase classname="backend.tests.test_giftxpert_api.TestProducts" name="test_get_product_detail" time="0.044" /><testcase classname="backend.tests.test_giftxpert_api.TestProducts" name="test_get_product_not_found" time="0.048" /><testcase classname="backend.tests.test_giftxpert_api.TestEnquiries" name="test_create_enquiry_valid" time="0.043" /><testcase classname="backend.tests.test_giftxpert_api.TestEnquiries" name="test_create_enquiry_invalid_email" time="0.042" /><testcase classname="backend.tests.test_giftxpert_api.TestEnquiries" name="test_create_enquiry_missing_fields" time="0.043" /><testcase classname="backend.tests.test_giftxpert_api.TestEnquiries" name="test_list_enquiries_newest_first" time="0.044" /></testsuite></testsuites>